<?xml version="1.0" encoding="UTF-8"?>
<!-- Generated by org.testng.reporters.JUnitXMLReporter -->
<testsuite ignored="0" hostname="LAPTOP-POGK2L6P" failures="0" tests="4" name="Surefire test" time="28.691" errors="0" timestamp="07 Oct 2024 07:02:55 GMT">
  <testcase classname="com.sketch.testcases.LoginPageTest" name="loginPageTitleTest" time="0.024"/>
  <testcase classname="com.sketch.testcases.LoginPageTest" name="sketchImageTest" time="0.098"/>
  <testcase classname="com.sketch.testcases.LoginPageTest" name="urlTest" time="5.013"/>
  <testcase classname="com.sketch.testcases.LoginPageTest" name="searchTest" time="11.619"/>
</testsuite> <!-- Surefire test -->
