<?xml version="1.0" encoding="UTF-8"?>
<!-- Generated by org.testng.reporters.JUnitXMLReporter -->
<testsuite ignored="0" hostname="LAPTOP-POGK2L6P" failures="0" tests="4" name="Default test" time="30.736" errors="0" timestamp="2024-10-07T09:38:18 IST">
  <testcase classname="com.sketch.testcases.LoginPageTest" name="loginPageTitleTest" time="0.016"/>
  <testcase classname="com.sketch.testcases.LoginPageTest" name="sketchImageTest" time="0.125"/>
  <testcase classname="com.sketch.testcases.LoginPageTest" name="urlTest" time="5.008"/>
  <testcase classname="com.sketch.testcases.LoginPageTest" name="searchTest" time="11.348"/>
</testsuite> <!-- Default test -->
