<?xml version="1.0" encoding="UTF-8"?>
<!-- Generated by org.testng.reporters.JUnitXMLReporter -->
<testsuite ignored="0" hostname="LAPTOP-POGK2L6P" failures="0" tests="4" name="Test" time="29.81" errors="0" timestamp="2024-10-07T12:30:10 IST">
  <testcase classname="com.sketch.testcases.LoginPageTest" name="loginPageTitleTest" time="0.036"/>
  <testcase classname="com.sketch.testcases.LoginPageTest" name="sketchImageTest" time="0.113"/>
  <testcase classname="com.sketch.testcases.LoginPageTest" name="urlTest" time="5.019"/>
  <testcase classname="com.sketch.testcases.LoginPageTest" name="searchTest" time="11.485"/>
</testsuite> <!-- Test -->
