<?xml version="1.0" encoding="UTF-8"?>
<testng-results ignored="0" total="4" passed="4" failed="0" skipped="0">
  <reporter-output>
  </reporter-output>
  <suite started-at="2024-10-07T07:02:27Z" name="Surefire suite" finished-at="2024-10-07T07:02:55Z" duration-ms="28691">
    <groups>
    </groups>
    <test started-at="2024-10-07T07:02:27Z" name="Surefire test" finished-at="2024-10-07T07:02:55Z" duration-ms="28691">
      <class name="com.sketch.testcases.LoginPageTest">
        <test-method is-config="true" signature="setUp()[pri:0, instance:com.sketch.testcases.LoginPageTest@38425407]" started-at="2024-10-07T12:32:27Z" name="setUp" finished-at="2024-10-07T12:32:30Z" duration-ms="3431" status="PASS">
          <reporter-output>
          </reporter-output>
        </test-method> <!-- setUp -->
        <test-method signature="loginPageTitleTest()[pri:1, instance:com.sketch.testcases.LoginPageTest@38425407]" started-at="2024-10-07T12:32:30Z" name="loginPageTitleTest" finished-at="2024-10-07T12:32:30Z" duration-ms="24" status="PASS">
          <reporter-output>
          </reporter-output>
        </test-method> <!-- loginPageTitleTest -->
        <test-method is-config="true" signature="tearDown()[pri:0, instance:com.sketch.testcases.LoginPageTest@38425407]" started-at="2024-10-07T12:32:30Z" name="tearDown" finished-at="2024-10-07T12:32:31Z" duration-ms="456" status="PASS">
          <reporter-output>
          </reporter-output>
        </test-method> <!-- tearDown -->
        <test-method is-config="true" signature="setUp()[pri:0, instance:com.sketch.testcases.LoginPageTest@38425407]" started-at="2024-10-07T12:32:31Z" name="setUp" finished-at="2024-10-07T12:32:33Z" duration-ms="2074" status="PASS">
          <reporter-output>
          </reporter-output>
        </test-method> <!-- setUp -->
        <test-method signature="sketchImageTest()[pri:2, instance:com.sketch.testcases.LoginPageTest@38425407]" started-at="2024-10-07T12:32:33Z" name="sketchImageTest" finished-at="2024-10-07T12:32:33Z" duration-ms="98" status="PASS">
          <reporter-output>
          </reporter-output>
        </test-method> <!-- sketchImageTest -->
        <test-method is-config="true" signature="tearDown()[pri:0, instance:com.sketch.testcases.LoginPageTest@38425407]" started-at="2024-10-07T12:32:33Z" name="tearDown" finished-at="2024-10-07T12:32:33Z" duration-ms="277" status="PASS">
          <reporter-output>
          </reporter-output>
        </test-method> <!-- tearDown -->
        <test-method is-config="true" signature="setUp()[pri:0, instance:com.sketch.testcases.LoginPageTest@38425407]" started-at="2024-10-07T12:32:33Z" name="setUp" finished-at="2024-10-07T12:32:35Z" duration-ms="2193" status="PASS">
          <reporter-output>
          </reporter-output>
        </test-method> <!-- setUp -->
        <test-method signature="urlTest()[pri:3, instance:com.sketch.testcases.LoginPageTest@38425407]" started-at="2024-10-07T12:32:35Z" name="urlTest" finished-at="2024-10-07T12:32:40Z" duration-ms="5013" status="PASS">
          <reporter-output>
          </reporter-output>
        </test-method> <!-- urlTest -->
        <test-method is-config="true" signature="tearDown()[pri:0, instance:com.sketch.testcases.LoginPageTest@38425407]" started-at="2024-10-07T12:32:40Z" name="tearDown" finished-at="2024-10-07T12:32:41Z" duration-ms="451" status="PASS">
          <reporter-output>
          </reporter-output>
        </test-method> <!-- tearDown -->
        <test-method is-config="true" signature="setUp()[pri:0, instance:com.sketch.testcases.LoginPageTest@38425407]" started-at="2024-10-07T12:32:41Z" name="setUp" finished-at="2024-10-07T12:32:43Z" duration-ms="2471" status="PASS">
          <reporter-output>
          </reporter-output>
        </test-method> <!-- setUp -->
        <test-method signature="searchTest()[pri:4, instance:com.sketch.testcases.LoginPageTest@38425407]" started-at="2024-10-07T12:32:43Z" name="searchTest" finished-at="2024-10-07T12:32:55Z" duration-ms="11619" status="PASS">
          <reporter-output>
          </reporter-output>
        </test-method> <!-- searchTest -->
        <test-method is-config="true" signature="tearDown()[pri:0, instance:com.sketch.testcases.LoginPageTest@38425407]" started-at="2024-10-07T12:32:55Z" name="tearDown" finished-at="2024-10-07T12:32:55Z" duration-ms="550" status="PASS">
          <reporter-output>
          </reporter-output>
        </test-method> <!-- tearDown -->
      </class> <!-- com.sketch.testcases.LoginPageTest -->
    </test> <!-- Surefire test -->
  </suite> <!-- Surefire suite -->
</testng-results>
