<?xml version="1.0" encoding="UTF-8"?>
<testng-results ignored="0" total="4" passed="4" failed="0" skipped="0">
  <reporter-output>
  </reporter-output>
  <suite started-at="2024-10-07T12:29:41 IST" name="Suite" finished-at="2024-10-07T12:30:10 IST" duration-ms="29810">
    <groups>
    </groups>
    <test started-at="2024-10-07T12:29:41 IST" name="Test" finished-at="2024-10-07T12:30:10 IST" duration-ms="29810">
      <class name="com.sketch.testcases.LoginPageTest">
        <test-method is-config="true" signature="setUp()[pri:0, instance:com.sketch.testcases.LoginPageTest@5032714f]" started-at="2024-10-07T12:29:41 IST" name="setUp" finished-at="2024-10-07T12:29:45 IST" duration-ms="4629" status="PASS">
          <reporter-output>
          </reporter-output>
        </test-method> <!-- setUp -->
        <test-method signature="loginPageTitleTest()[pri:1, instance:com.sketch.testcases.LoginPageTest@5032714f]" started-at="2024-10-07T12:29:45 IST" name="loginPageTitleTest" finished-at="2024-10-07T12:29:45 IST" duration-ms="36" status="PASS">
          <reporter-output>
          </reporter-output>
        </test-method> <!-- loginPageTitleTest -->
        <test-method is-config="true" signature="tearDown()[pri:0, instance:com.sketch.testcases.LoginPageTest@5032714f]" started-at="2024-10-07T12:29:45 IST" name="tearDown" finished-at="2024-10-07T12:29:46 IST" duration-ms="450" status="PASS">
          <reporter-output>
          </reporter-output>
        </test-method> <!-- tearDown -->
        <test-method is-config="true" signature="setUp()[pri:0, instance:com.sketch.testcases.LoginPageTest@5032714f]" started-at="2024-10-07T12:29:46 IST" name="setUp" finished-at="2024-10-07T12:29:48 IST" duration-ms="1935" status="PASS">
          <reporter-output>
          </reporter-output>
        </test-method> <!-- setUp -->
        <test-method signature="sketchImageTest()[pri:2, instance:com.sketch.testcases.LoginPageTest@5032714f]" started-at="2024-10-07T12:29:48 IST" name="sketchImageTest" finished-at="2024-10-07T12:29:48 IST" duration-ms="113" status="PASS">
          <reporter-output>
          </reporter-output>
        </test-method> <!-- sketchImageTest -->
        <test-method is-config="true" signature="tearDown()[pri:0, instance:com.sketch.testcases.LoginPageTest@5032714f]" started-at="2024-10-07T12:29:48 IST" name="tearDown" finished-at="2024-10-07T12:29:48 IST" duration-ms="415" status="PASS">
          <reporter-output>
          </reporter-output>
        </test-method> <!-- tearDown -->
        <test-method is-config="true" signature="setUp()[pri:0, instance:com.sketch.testcases.LoginPageTest@5032714f]" started-at="2024-10-07T12:29:48 IST" name="setUp" finished-at="2024-10-07T12:29:50 IST" duration-ms="2222" status="PASS">
          <reporter-output>
          </reporter-output>
        </test-method> <!-- setUp -->
        <test-method signature="urlTest()[pri:3, instance:com.sketch.testcases.LoginPageTest@5032714f]" started-at="2024-10-07T12:29:50 IST" name="urlTest" finished-at="2024-10-07T12:29:55 IST" duration-ms="5019" status="PASS">
          <reporter-output>
          </reporter-output>
        </test-method> <!-- urlTest -->
        <test-method is-config="true" signature="tearDown()[pri:0, instance:com.sketch.testcases.LoginPageTest@5032714f]" started-at="2024-10-07T12:29:56 IST" name="tearDown" finished-at="2024-10-07T12:29:56 IST" duration-ms="436" status="PASS">
          <reporter-output>
          </reporter-output>
        </test-method> <!-- tearDown -->
        <test-method is-config="true" signature="setUp()[pri:0, instance:com.sketch.testcases.LoginPageTest@5032714f]" started-at="2024-10-07T12:29:56 IST" name="setUp" finished-at="2024-10-07T12:29:58 IST" duration-ms="2275" status="PASS">
          <reporter-output>
          </reporter-output>
        </test-method> <!-- setUp -->
        <test-method signature="searchTest()[pri:4, instance:com.sketch.testcases.LoginPageTest@5032714f]" started-at="2024-10-07T12:29:58 IST" name="searchTest" finished-at="2024-10-07T12:30:10 IST" duration-ms="11485" status="PASS">
          <reporter-output>
          </reporter-output>
        </test-method> <!-- searchTest -->
        <test-method is-config="true" signature="tearDown()[pri:0, instance:com.sketch.testcases.LoginPageTest@5032714f]" started-at="2024-10-07T12:30:10 IST" name="tearDown" finished-at="2024-10-07T12:30:10 IST" duration-ms="615" status="PASS">
          <reporter-output>
          </reporter-output>
        </test-method> <!-- tearDown -->
      </class> <!-- com.sketch.testcases.LoginPageTest -->
    </test> <!-- Test -->
  </suite> <!-- Suite -->
</testng-results>
